TN:
SF:src/app.js
FNF:0
FNH:0
DA:1,1
DA:2,1
DA:3,1
DA:4,1
DA:6,1
DA:8,1
DA:10,1
DA:11,1
DA:12,1
DA:13,1
DA:14,1
DA:16,1
DA:18,1
LF:13
LH:13
BRF:0
BRH:0
end_of_record
TN:
SF:src/controllers/user.js
FN:4,User
FN:8,getAll
FN:12,getById
FN:13,(anonymous_7)
FNF:4
FNH:2
FNDA:1,User
FNDA:1,getAll
FNDA:0,getById
FNDA:0,(anonymous_7)
DA:1,1
DA:4,1
DA:5,1
DA:9,1
DA:13,0
DA:14,0
DA:18,1
LF:7
LH:5
BRF:0
BRH:0
end_of_record
TN:
SF:src/routes/index.js
FNF:0
FNH:0
DA:1,1
DA:2,1
DA:4,1
DA:7,1
DA:9,1
LF:5
LH:5
BRF:0
BRH:0
end_of_record
TN:
SF:src/routes/users.js
FN:7,(anonymous_1)
FN:12,(anonymous_2)
FNF:2
FNH:1
FNDA:1,(anonymous_1)
FNDA:0,(anonymous_2)
DA:1,1
DA:2,1
DA:4,1
DA:5,1
DA:7,1
DA:8,1
DA:9,1
DA:12,1
DA:13,0
DA:14,0
DA:15,0
DA:18,1
LF:12
LH:9
BRF:0
BRH:0
end_of_record
